{"E:\\EagleVisionTask\\frontend\\src\\App.jsx": {"path":"E:\\EagleVisionTask\\frontend\\src\\App.jsx","statementMap":{"0":{"start":{"line":4,"column":15},"end":{"line":4,"column":39}},"1":{"start":{"line":5,"column":19},"end":{"line":5,"column":49}},"2":{"start":{"line":6,"column":22},"end":{"line":9,"column":1}},"3":{"start":{"line":12,"column":44},"end":{"line":12,"column":58}},"4":{"start":{"line":13,"column":40},"end":{"line":13,"column":52}},"5":{"start":{"line":14,"column":36},"end":{"line":14,"column":51}},"6":{"start":{"line":15,"column":38},"end":{"line":15,"column":50}},"7":{"start":{"line":16,"column":56},"end":{"line":16,"column":69}},"8":{"start":{"line":17,"column":42},"end":{"line":17,"column":57}},"9":{"start":{"line":18,"column":36},"end":{"line":18,"column":51}},"10":{"start":{"line":19,"column":46},"end":{"line":19,"column":57}},"11":{"start":{"line":21,"column":19},"end":{"line":21,"column":31}},"12":{"start":{"line":22,"column":20},"end":{"line":22,"column":32}},"13":{"start":{"line":23,"column":16},"end":{"line":23,"column":28}},"14":{"start":{"line":26,"column":2},"end":{"line":51,"column":9}},"15":{"start":{"line":27,"column":4},"end":{"line":27,"column":42}},"16":{"start":{"line":28,"column":4},"end":{"line":28,"column":52}},"17":{"start":{"line":28,"column":33},"end":{"line":28,"column":51}},"18":{"start":{"line":29,"column":4},"end":{"line":29,"column":54}},"19":{"start":{"line":29,"column":34},"end":{"line":29,"column":53}},"20":{"start":{"line":30,"column":4},"end":{"line":30,"column":71}},"21":{"start":{"line":30,"column":35},"end":{"line":30,"column":70}},"22":{"start":{"line":31,"column":4},"end":{"line":44,"column":6}},"23":{"start":{"line":32,"column":6},"end":{"line":43,"column":7}},"24":{"start":{"line":33,"column":21},"end":{"line":33,"column":43}},"25":{"start":{"line":34,"column":8},"end":{"line":40,"column":9}},"26":{"start":{"line":36,"column":10},"end":{"line":36,"column":48}},"27":{"start":{"line":37,"column":15},"end":{"line":40,"column":9}},"28":{"start":{"line":39,"column":10},"end":{"line":39,"column":60}},"29":{"start":{"line":39,"column":32},"end":{"line":39,"column":58}},"30":{"start":{"line":42,"column":8},"end":{"line":42,"column":66}},"31":{"start":{"line":46,"column":4},"end":{"line":50,"column":6}},"32":{"start":{"line":47,"column":6},"end":{"line":49,"column":7}},"33":{"start":{"line":48,"column":8},"end":{"line":48,"column":30}},"34":{"start":{"line":54,"column":25},"end":{"line":88,"column":3}},"35":{"start":{"line":55,"column":19},"end":{"line":55,"column":36}},"36":{"start":{"line":56,"column":18},"end":{"line":56,"column":34}},"37":{"start":{"line":57,"column":4},"end":{"line":57,"column":34}},"38":{"start":{"line":57,"column":27},"end":{"line":57,"column":34}},"39":{"start":{"line":59,"column":16},"end":{"line":59,"column":39}},"40":{"start":{"line":60,"column":4},"end":{"line":60,"column":44}},"41":{"start":{"line":61,"column":4},"end":{"line":61,"column":45}},"42":{"start":{"line":64,"column":4},"end":{"line":64,"column":53}},"43":{"start":{"line":67,"column":4},"end":{"line":87,"column":7}},"44":{"start":{"line":68,"column":6},"end":{"line":68,"column":55}},"45":{"start":{"line":68,"column":48},"end":{"line":68,"column":55}},"46":{"start":{"line":70,"column":36},"end":{"line":70,"column":44}},"47":{"start":{"line":73,"column":6},"end":{"line":73,"column":62}},"48":{"start":{"line":74,"column":6},"end":{"line":74,"column":24}},"49":{"start":{"line":75,"column":6},"end":{"line":75,"column":42}},"50":{"start":{"line":78,"column":6},"end":{"line":78,"column":86}},"51":{"start":{"line":79,"column":19},"end":{"line":79,"column":71}},"52":{"start":{"line":80,"column":24},"end":{"line":80,"column":51}},"53":{"start":{"line":81,"column":6},"end":{"line":81,"column":50}},"54":{"start":{"line":84,"column":6},"end":{"line":84,"column":32}},"55":{"start":{"line":85,"column":6},"end":{"line":85,"column":30}},"56":{"start":{"line":86,"column":6},"end":{"line":86,"column":39}},"57":{"start":{"line":91,"column":28},"end":{"line":95,"column":3}},"58":{"start":{"line":92,"column":4},"end":{"line":92,"column":28}},"59":{"start":{"line":93,"column":4},"end":{"line":93,"column":31}},"60":{"start":{"line":94,"column":4},"end":{"line":94,"column":24}},"61":{"start":{"line":98,"column":27},"end":{"line":132,"column":3}},"62":{"start":{"line":99,"column":17},"end":{"line":99,"column":38}},"63":{"start":{"line":100,"column":4},"end":{"line":100,"column":22}},"64":{"start":{"line":100,"column":15},"end":{"line":100,"column":22}},"65":{"start":{"line":102,"column":21},"end":{"line":102,"column":35}},"66":{"start":{"line":103,"column":4},"end":{"line":103,"column":35}},"67":{"start":{"line":105,"column":4},"end":{"line":131,"column":5}},"68":{"start":{"line":106,"column":6},"end":{"line":106,"column":28}},"69":{"start":{"line":107,"column":6},"end":{"line":107,"column":27}},"70":{"start":{"line":109,"column":23},"end":{"line":116,"column":8}},"71":{"start":{"line":113,"column":27},"end":{"line":113,"column":89}},"72":{"start":{"line":114,"column":10},"end":{"line":114,"column":38}},"73":{"start":{"line":118,"column":6},"end":{"line":120,"column":7}},"74":{"start":{"line":119,"column":8},"end":{"line":119,"column":41}},"75":{"start":{"line":122,"column":19},"end":{"line":122,"column":40}},"76":{"start":{"line":123,"column":6},"end":{"line":123,"column":48}},"77":{"start":{"line":124,"column":6},"end":{"line":124,"column":63}},"78":{"start":{"line":126,"column":6},"end":{"line":126,"column":53}},"79":{"start":{"line":127,"column":6},"end":{"line":127,"column":38}},"80":{"start":{"line":129,"column":6},"end":{"line":129,"column":29}},"81":{"start":{"line":130,"column":6},"end":{"line":130,"column":27}},"82":{"start":{"line":135,"column":26},"end":{"line":143,"column":3}},"83":{"start":{"line":136,"column":4},"end":{"line":142,"column":5}},"84":{"start":{"line":137,"column":6},"end":{"line":137,"column":30}},"85":{"start":{"line":138,"column":6},"end":{"line":138,"column":25}},"86":{"start":{"line":140,"column":6},"end":{"line":140,"column":31}},"87":{"start":{"line":141,"column":6},"end":{"line":141,"column":26}},"88":{"start":{"line":146,"column":33},"end":{"line":148,"column":3}},"89":{"start":{"line":147,"column":4},"end":{"line":147,"column":55}},"90":{"start":{"line":150,"column":2},"end":{"line":298,"column":4}},"91":{"start":{"line":193,"column":16},"end":{"line":199,"column":22}},"92":{"start":{"line":196,"column":33},"end":{"line":196,"column":57}},"93":{"start":{"line":221,"column":16},"end":{"line":227,"column":17}},"94":{"start":{"line":222,"column":18},"end":{"line":226,"column":22}},"95":{"start":{"line":244,"column":30},"end":{"line":244,"column":48}},"96":{"start":{"line":245,"column":31},"end":{"line":245,"column":50}},"97":{"start":{"line":270,"column":16},"end":{"line":291,"column":22}},"98":{"start":{"line":283,"column":24},"end":{"line":285,"column":25}},"99":{"start":{"line":284,"column":26},"end":{"line":284,"column":88}}},"fnMap":{"0":{"name":"App","decl":{"start":{"line":11,"column":24},"end":{"line":11,"column":27}},"loc":{"start":{"line":11,"column":30},"end":{"line":299,"column":1}},"line":11},"1":{"name":"(anonymous_1)","decl":{"start":{"line":26,"column":12},"end":{"line":26,"column":13}},"loc":{"start":{"line":26,"column":18},"end":{"line":51,"column":3}},"line":26},"2":{"name":"(anonymous_2)","decl":{"start":{"line":28,"column":27},"end":{"line":28,"column":28}},"loc":{"start":{"line":28,"column":33},"end":{"line":28,"column":51}},"line":28},"3":{"name":"(anonymous_3)","decl":{"start":{"line":29,"column":28},"end":{"line":29,"column":29}},"loc":{"start":{"line":29,"column":34},"end":{"line":29,"column":53}},"line":29},"4":{"name":"(anonymous_4)","decl":{"start":{"line":30,"column":28},"end":{"line":30,"column":29}},"loc":{"start":{"line":30,"column":35},"end":{"line":30,"column":70}},"line":30},"5":{"name":"(anonymous_5)","decl":{"start":{"line":31,"column":30},"end":{"line":31,"column":31}},"loc":{"start":{"line":31,"column":41},"end":{"line":44,"column":5}},"line":31},"6":{"name":"(anonymous_6)","decl":{"start":{"line":39,"column":24},"end":{"line":39,"column":25}},"loc":{"start":{"line":39,"column":32},"end":{"line":39,"column":58}},"line":39},"7":{"name":"(anonymous_7)","decl":{"start":{"line":46,"column":11},"end":{"line":46,"column":12}},"loc":{"start":{"line":46,"column":17},"end":{"line":50,"column":5}},"line":46},"8":{"name":"(anonymous_8)","decl":{"start":{"line":54,"column":25},"end":{"line":54,"column":26}},"loc":{"start":{"line":54,"column":41},"end":{"line":88,"column":3}},"line":54},"9":{"name":"(anonymous_9)","decl":{"start":{"line":67,"column":23},"end":{"line":67,"column":24}},"loc":{"start":{"line":67,"column":30},"end":{"line":87,"column":5}},"line":67},"10":{"name":"(anonymous_10)","decl":{"start":{"line":91,"column":28},"end":{"line":91,"column":29}},"loc":{"start":{"line":91,"column":39},"end":{"line":95,"column":3}},"line":91},"11":{"name":"(anonymous_11)","decl":{"start":{"line":98,"column":27},"end":{"line":98,"column":28}},"loc":{"start":{"line":98,"column":44},"end":{"line":132,"column":3}},"line":98},"12":{"name":"(anonymous_12)","decl":{"start":{"line":112,"column":26},"end":{"line":112,"column":27}},"loc":{"start":{"line":112,"column":45},"end":{"line":115,"column":9}},"line":112},"13":{"name":"(anonymous_13)","decl":{"start":{"line":135,"column":26},"end":{"line":135,"column":27}},"loc":{"start":{"line":135,"column":32},"end":{"line":143,"column":3}},"line":135},"14":{"name":"(anonymous_14)","decl":{"start":{"line":146,"column":33},"end":{"line":146,"column":34}},"loc":{"start":{"line":146,"column":40},"end":{"line":148,"column":3}},"line":146},"15":{"name":"(anonymous_15)","decl":{"start":{"line":192,"column":33},"end":{"line":192,"column":34}},"loc":{"start":{"line":193,"column":16},"end":{"line":199,"column":22}},"line":193},"16":{"name":"(anonymous_16)","decl":{"start":{"line":196,"column":27},"end":{"line":196,"column":28}},"loc":{"start":{"line":196,"column":33},"end":{"line":196,"column":57}},"line":196},"17":{"name":"(anonymous_17)","decl":{"start":{"line":219,"column":23},"end":{"line":219,"column":24}},"loc":{"start":{"line":219,"column":29},"end":{"line":228,"column":15}},"line":219},"18":{"name":"(anonymous_18)","decl":{"start":{"line":244,"column":24},"end":{"line":244,"column":25}},"loc":{"start":{"line":244,"column":30},"end":{"line":244,"column":48}},"line":244},"19":{"name":"(anonymous_19)","decl":{"start":{"line":245,"column":25},"end":{"line":245,"column":26}},"loc":{"start":{"line":245,"column":31},"end":{"line":245,"column":50}},"line":245},"20":{"name":"(anonymous_20)","decl":{"start":{"line":269,"column":29},"end":{"line":269,"column":30}},"loc":{"start":{"line":270,"column":16},"end":{"line":291,"column":22}},"line":270},"21":{"name":"(anonymous_21)","decl":{"start":{"line":281,"column":31},"end":{"line":281,"column":32}},"loc":{"start":{"line":281,"column":37},"end":{"line":286,"column":23}},"line":281}},"branchMap":{"0":{"loc":{"start":{"line":34,"column":8},"end":{"line":40,"column":9}},"type":"if","locations":[{"start":{"line":34,"column":8},"end":{"line":40,"column":9}},{"start":{"line":37,"column":15},"end":{"line":40,"column":9}}],"line":34},"1":{"loc":{"start":{"line":36,"column":25},"end":{"line":36,"column":46}},"type":"binary-expr","locations":[{"start":{"line":36,"column":25},"end":{"line":36,"column":40}},{"start":{"line":36,"column":44},"end":{"line":36,"column":46}}],"line":36},"2":{"loc":{"start":{"line":37,"column":15},"end":{"line":40,"column":9}},"type":"if","locations":[{"start":{"line":37,"column":15},"end":{"line":40,"column":9}},{"start":{},"end":{}}],"line":37},"3":{"loc":{"start":{"line":47,"column":6},"end":{"line":49,"column":7}},"type":"if","locations":[{"start":{"line":47,"column":6},"end":{"line":49,"column":7}},{"start":{},"end":{}}],"line":47},"4":{"loc":{"start":{"line":57,"column":4},"end":{"line":57,"column":34}},"type":"if","locations":[{"start":{"line":57,"column":4},"end":{"line":57,"column":34}},{"start":{},"end":{}}],"line":57},"5":{"loc":{"start":{"line":57,"column":8},"end":{"line":57,"column":25}},"type":"binary-expr","locations":[{"start":{"line":57,"column":8},"end":{"line":57,"column":15}},{"start":{"line":57,"column":19},"end":{"line":57,"column":25}}],"line":57},"6":{"loc":{"start":{"line":60,"column":19},"end":{"line":60,"column":43}},"type":"binary-expr","locations":[{"start":{"line":60,"column":19},"end":{"line":60,"column":35}},{"start":{"line":60,"column":39},"end":{"line":60,"column":43}}],"line":60},"7":{"loc":{"start":{"line":61,"column":20},"end":{"line":61,"column":44}},"type":"binary-expr","locations":[{"start":{"line":61,"column":20},"end":{"line":61,"column":37}},{"start":{"line":61,"column":41},"end":{"line":61,"column":44}}],"line":61},"8":{"loc":{"start":{"line":68,"column":6},"end":{"line":68,"column":55}},"type":"if","locations":[{"start":{"line":68,"column":6},"end":{"line":68,"column":55}},{"start":{},"end":{}}],"line":68},"9":{"loc":{"start":{"line":73,"column":24},"end":{"line":73,"column":61}},"type":"cond-expr","locations":[{"start":{"line":73,"column":40},"end":{"line":73,"column":49}},{"start":{"line":73,"column":52},"end":{"line":73,"column":61}}],"line":73},"10":{"loc":{"start":{"line":78,"column":22},"end":{"line":78,"column":85}},"type":"cond-expr","locations":[{"start":{"line":78,"column":38},"end":{"line":78,"column":60}},{"start":{"line":78,"column":63},"end":{"line":78,"column":85}}],"line":78},"11":{"loc":{"start":{"line":100,"column":4},"end":{"line":100,"column":22}},"type":"if","locations":[{"start":{"line":100,"column":4},"end":{"line":100,"column":22}},{"start":{},"end":{}}],"line":100},"12":{"loc":{"start":{"line":118,"column":6},"end":{"line":120,"column":7}},"type":"if","locations":[{"start":{"line":118,"column":6},"end":{"line":120,"column":7}},{"start":{},"end":{}}],"line":118},"13":{"loc":{"start":{"line":136,"column":4},"end":{"line":142,"column":5}},"type":"if","locations":[{"start":{"line":136,"column":4},"end":{"line":142,"column":5}},{"start":{"line":139,"column":11},"end":{"line":142,"column":5}}],"line":136},"14":{"loc":{"start":{"line":155,"column":35},"end":{"line":155,"column":75}},"type":"cond-expr","locations":[{"start":{"line":155,"column":47},"end":{"line":155,"column":58}},{"start":{"line":155,"column":61},"end":{"line":155,"column":75}}],"line":155},"15":{"loc":{"start":{"line":156,"column":13},"end":{"line":156,"column":53}},"type":"cond-expr","locations":[{"start":{"line":156,"column":25},"end":{"line":156,"column":36}},{"start":{"line":156,"column":39},"end":{"line":156,"column":53}}],"line":156},"16":{"loc":{"start":{"line":177,"column":15},"end":{"line":177,"column":61}},"type":"cond-expr","locations":[{"start":{"line":177,"column":30},"end":{"line":177,"column":44}},{"start":{"line":177,"column":47},"end":{"line":177,"column":61}}],"line":177},"17":{"loc":{"start":{"line":179,"column":13},"end":{"line":186,"column":13}},"type":"binary-expr","locations":[{"start":{"line":179,"column":13},"end":{"line":179,"column":31}},{"start":{"line":179,"column":35},"end":{"line":179,"column":55}},{"start":{"line":180,"column":14},"end":{"line":185,"column":20}}],"line":179},"18":{"loc":{"start":{"line":195,"column":43},"end":{"line":195,"column":89}},"type":"cond-expr","locations":[{"start":{"line":195,"column":76},"end":{"line":195,"column":84}},{"start":{"line":195,"column":87},"end":{"line":195,"column":89}}],"line":195},"19":{"loc":{"start":{"line":221,"column":16},"end":{"line":227,"column":17}},"type":"if","locations":[{"start":{"line":221,"column":16},"end":{"line":227,"column":17}},{"start":{},"end":{}}],"line":221},"20":{"loc":{"start":{"line":221,"column":20},"end":{"line":221,"column":80}},"type":"binary-expr","locations":[{"start":{"line":221,"column":20},"end":{"line":221,"column":33}},{"start":{"line":221,"column":37},"end":{"line":221,"column":80}}],"line":221},"21":{"loc":{"start":{"line":229,"column":24},"end":{"line":229,"column":52}},"type":"binary-expr","locations":[{"start":{"line":229,"column":24},"end":{"line":229,"column":38}},{"start":{"line":229,"column":42},"end":{"line":229,"column":52}}],"line":229},"22":{"loc":{"start":{"line":238,"column":11},"end":{"line":259,"column":11}},"type":"cond-expr","locations":[{"start":{"line":239,"column":12},"end":{"line":254,"column":18}},{"start":{"line":256,"column":12},"end":{"line":258,"column":18}}],"line":238},"23":{"loc":{"start":{"line":251,"column":19},"end":{"line":251,"column":47}},"type":"cond-expr","locations":[{"start":{"line":251,"column":31},"end":{"line":251,"column":38}},{"start":{"line":251,"column":41},"end":{"line":251,"column":47}}],"line":251},"24":{"loc":{"start":{"line":266,"column":13},"end":{"line":293,"column":13}},"type":"cond-expr","locations":[{"start":{"line":267,"column":14},"end":{"line":267,"column":73}},{"start":{"line":269,"column":14},"end":{"line":292,"column":26}}],"line":266},"25":{"loc":{"start":{"line":278,"column":19},"end":{"line":290,"column":19}},"type":"binary-expr","locations":[{"start":{"line":278,"column":19},"end":{"line":278,"column":37}},{"start":{"line":279,"column":20},"end":{"line":289,"column":29}}],"line":278},"26":{"loc":{"start":{"line":283,"column":24},"end":{"line":285,"column":25}},"type":"if","locations":[{"start":{"line":283,"column":24},"end":{"line":285,"column":25}},{"start":{},"end":{}}],"line":283},"27":{"loc":{"start":{"line":284,"column":57},"end":{"line":284,"column":87}},"type":"binary-expr","locations":[{"start":{"line":284,"column":57},"end":{"line":284,"column":82}},{"start":{"line":284,"column":86},"end":{"line":284,"column":87}}],"line":284}},"s":{"0":1,"1":1,"2":1,"3":17,"4":16,"5":16,"6":16,"7":16,"8":16,"9":16,"10":16,"11":16,"12":16,"13":16,"14":16,"15":0,"16":0,"17":0,"18":0,"19":0,"20":0,"21":0,"22":0,"23":0,"24":0,"25":0,"26":0,"27":0,"28":0,"29":0,"30":0,"31":0,"32":0,"33":0,"34":16,"35":0,"36":0,"37":0,"38":0,"39":0,"40":0,"41":0,"42":0,"43":0,"44":0,"45":0,"46":0,"47":0,"48":0,"49":0,"50":0,"51":0,"52":0,"53":0,"54":0,"55":0,"56":0,"57":16,"58":0,"59":0,"60":0,"61":16,"62":0,"63":0,"64":0,"65":0,"66":0,"67":0,"68":0,"69":0,"70":0,"71":0,"72":0,"73":0,"74":0,"75":0,"76":0,"77":0,"78":0,"79":0,"80":0,"81":0,"82":16,"83":0,"84":0,"85":0,"86":0,"87":0,"88":16,"89":0,"90":16,"91":0,"92":0,"93":0,"94":0,"95":0,"96":0,"97":0,"98":0,"99":0},"f":{"0":17,"1":0,"2":0,"3":0,"4":0,"5":0,"6":0,"7":0,"8":0,"9":0,"10":0,"11":0,"12":0,"13":0,"14":0,"15":0,"16":0,"17":0,"18":0,"19":0,"20":0,"21":0},"b":{"0":[0,0],"1":[0,0],"2":[0,0],"3":[0,0],"4":[0,0],"5":[0,0],"6":[0,0],"7":[0,0],"8":[0,0],"9":[0,0],"10":[0,0],"11":[0,0],"12":[0,0],"13":[0,0],"14":[0,0],"15":[0,0],"16":[0,0],"17":[0,0,0],"18":[0,0],"19":[0,0],"20":[0,0],"21":[0,0],"22":[0,0],"23":[0,0],"24":[0,0],"25":[0,0],"26":[0,0],"27":[0,0]},"_coverageSchema":"1a1c01bbd47fc00a2c39e90264f33305004495a9","hash":"28135b139350187397594390477b939e50ed0c43"}
}
