TN:
SF:src\App.jsx
FN:11,App
FN:26,(anonymous_1)
FN:28,(anonymous_2)
FN:29,(anonymous_3)
FN:30,(anonymous_4)
FN:31,(anonymous_5)
FN:39,(anonymous_6)
FN:46,(anonymous_7)
FN:54,(anonymous_8)
FN:67,(anonymous_9)
FN:91,(anonymous_10)
FN:98,(anonymous_11)
FN:112,(anonymous_12)
FN:135,(anonymous_13)
FN:146,(anonymous_14)
FN:192,(anonymous_15)
FN:196,(anonymous_16)
FN:219,(anonymous_17)
FN:244,(anonymous_18)
FN:245,(anonymous_19)
FN:269,(anonymous_20)
FN:281,(anonymous_21)
FNF:22
FNH:1
FNDA:17,App
FNDA:0,(anonymous_1)
FNDA:0,(anonymous_2)
FNDA:0,(anonymous_3)
FNDA:0,(anonymous_4)
FNDA:0,(anonymous_5)
FNDA:0,(anonymous_6)
FNDA:0,(anonymous_7)
FNDA:0,(anonymous_8)
FNDA:0,(anonymous_9)
FNDA:0,(anonymous_10)
FNDA:0,(anonymous_11)
FNDA:0,(anonymous_12)
FNDA:0,(anonymous_13)
FNDA:0,(anonymous_14)
FNDA:0,(anonymous_15)
FNDA:0,(anonymous_16)
FNDA:0,(anonymous_17)
FNDA:0,(anonymous_18)
FNDA:0,(anonymous_19)
FNDA:0,(anonymous_20)
FNDA:0,(anonymous_21)
DA:4,1
DA:5,1
DA:6,1
DA:12,17
DA:13,16
DA:14,16
DA:15,16
DA:16,16
DA:17,16
DA:18,16
DA:19,16
DA:21,16
DA:22,16
DA:23,16
DA:26,16
DA:27,0
DA:28,0
DA:29,0
DA:30,0
DA:31,0
DA:32,0
DA:33,0
DA:34,0
DA:36,0
DA:37,0
DA:39,0
DA:42,0
DA:46,0
DA:47,0
DA:48,0
DA:54,16
DA:55,0
DA:56,0
DA:57,0
DA:59,0
DA:60,0
DA:61,0
DA:64,0
DA:67,0
DA:68,0
DA:70,0
DA:73,0
DA:74,0
DA:75,0
DA:78,0
DA:79,0
DA:80,0
DA:81,0
DA:84,0
DA:85,0
DA:86,0
DA:91,16
DA:92,0
DA:93,0
DA:94,0
DA:98,16
DA:99,0
DA:100,0
DA:102,0
DA:103,0
DA:105,0
DA:106,0
DA:107,0
DA:109,0
DA:113,0
DA:114,0
DA:118,0
DA:119,0
DA:122,0
DA:123,0
DA:124,0
DA:126,0
DA:127,0
DA:129,0
DA:130,0
DA:135,16
DA:136,0
DA:137,0
DA:138,0
DA:140,0
DA:141,0
DA:146,16
DA:147,0
DA:150,16
DA:193,0
DA:196,0
DA:221,0
DA:222,0
DA:244,0
DA:245,0
DA:270,0
DA:283,0
DA:284,0
LF:93
LH:21
BRDA:34,0,0,0
BRDA:34,0,1,0
BRDA:36,1,0,0
BRDA:36,1,1,0
BRDA:37,2,0,0
BRDA:37,2,1,0
BRDA:47,3,0,0
BRDA:47,3,1,0
BRDA:57,4,0,0
BRDA:57,4,1,0
BRDA:57,5,0,0
BRDA:57,5,1,0
BRDA:60,6,0,0
BRDA:60,6,1,0
BRDA:61,7,0,0
BRDA:61,7,1,0
BRDA:68,8,0,0
BRDA:68,8,1,0
BRDA:73,9,0,0
BRDA:73,9,1,0
BRDA:78,10,0,0
BRDA:78,10,1,0
BRDA:100,11,0,0
BRDA:100,11,1,0
BRDA:118,12,0,0
BRDA:118,12,1,0
BRDA:136,13,0,0
BRDA:136,13,1,0
BRDA:155,14,0,0
BRDA:155,14,1,0
BRDA:156,15,0,0
BRDA:156,15,1,0
BRDA:177,16,0,0
BRDA:177,16,1,0
BRDA:179,17,0,0
BRDA:179,17,1,0
BRDA:179,17,2,0
BRDA:195,18,0,0
BRDA:195,18,1,0
BRDA:221,19,0,0
BRDA:221,19,1,0
BRDA:221,20,0,0
BRDA:221,20,1,0
BRDA:229,21,0,0
BRDA:229,21,1,0
BRDA:238,22,0,0
BRDA:238,22,1,0
BRDA:251,23,0,0
BRDA:251,23,1,0
BRDA:266,24,0,0
BRDA:266,24,1,0
BRDA:278,25,0,0
BRDA:278,25,1,0
BRDA:283,26,0,0
BRDA:283,26,1,0
BRDA:284,27,0,0
BRDA:284,27,1,0
BRF:57
BRH:0
end_of_record
